11:45:46  [main] 	Initializing Control Panel
11:45:46  [main] 	Windows Version:  Home  64-bit
11:45:46  [main] 	XAMPP Version: 8.0.12
11:45:46  [main] 	Control Panel Version: 3.3.0  [ Compiled: Apr 6th 2021 ]
11:45:46  [main] 	You are not running with administrator rights! This will work for
11:45:46  [main] 	most application stuff but whenever you do something with services
11:45:46  [main] 	there will be a security dialogue or things will break! So think 
11:45:46  [main] 	about running this application with administrator rights!
11:45:46  [main] 	XAMPP Installation Directory: "c:\xampp\"
11:45:46  [main] 	Checking for prerequisites
11:45:46  [main] 	All prerequisites found
11:45:46  [main] 	Initializing Modules
11:45:46  [main] 	Starting Check-Timer
11:45:46  [main] 	Control Panel Ready
11:45:48  [Apache] 	Attempting to start Apache app...
11:45:48  [Apache] 	Status change detected: running
11:45:49  [mysql] 	Attempting to start MySQL app...
11:45:50  [mysql] 	Status change detected: running
1:41:26  [main] 	Deinitializing Modules
1:41:26  [main] 	Deinitializing Control Panel

10:18:50  [main] 	Initializing Control Panel
10:18:50  [main] 	Windows Version:  Home  64-bit
10:18:50  [main] 	XAMPP Version: 8.0.12
10:18:50  [main] 	Control Panel Version: 3.3.0  [ Compiled: Apr 6th 2021 ]
10:18:50  [main] 	You are not running with administrator rights! This will work for
10:18:50  [main] 	most application stuff but whenever you do something with services
10:18:50  [main] 	there will be a security dialogue or things will break! So think 
10:18:50  [main] 	about running this application with administrator rights!
10:18:50  [main] 	XAMPP Installation Directory: "c:\xampp\"
10:18:50  [main] 	Checking for prerequisites
10:18:51  [main] 	All prerequisites found
10:18:51  [main] 	Initializing Modules
10:18:51  [main] 	Starting Check-Timer
10:18:51  [main] 	Control Panel Ready
10:19:02  [Apache] 	Attempting to start Apache app...
10:19:03  [Apache] 	Status change detected: running
10:19:04  [mysql] 	Attempting to start MySQL app...
10:19:05  [mysql] 	Status change detected: running
10:19:05  [mysql] 	Status change detected: stopped
10:19:05  [mysql] 	Error: MySQL shutdown unexpectedly.
10:19:05  [mysql] 	This may be due to a blocked port, missing dependencies, 
10:19:05  [mysql] 	improper privileges, a crash, or a shutdown by another method.
10:19:05  [mysql] 	Press the Logs button to view error logs and check
10:19:05  [mysql] 	the Windows Event Viewer for more clues
10:19:05  [mysql] 	If you need more help, copy and post this
10:19:05  [mysql] 	entire log window on the forums
10:19:08  [mysql] 	Attempting to start MySQL app...
10:19:08  [mysql] 	Status change detected: running
11:17:29  [mysql] 	Attempting to stop MySQL app...
11:17:29  [mysql] 	Status change detected: stopped
11:17:30  [Apache] 	Attempting to stop Apache (PID: 2860)
11:17:30  [Apache] 	Attempting to stop Apache (PID: 10372)
11:17:31  [Apache] 	Status change detected: stopped
11:18:05  [Apache] 	Attempting to start Apache app...
11:18:05  [Apache] 	Status change detected: running
11:18:07  [mysql] 	Attempting to start MySQL app...
11:18:07  [mysql] 	Status change detected: running
14:02:30  [mysql] 	Attempting to stop MySQL app...
14:02:31  [mysql] 	Status change detected: stopped
14:02:32  [Apache] 	Attempting to stop Apache (PID: 13900)
14:02:32  [Apache] 	Attempting to stop Apache (PID: 7300)
14:02:32  [Apache] 	Status change detected: stopped
14:02:35  [Apache] 	Attempting to start Apache app...
14:02:36  [Apache] 	Status change detected: running
14:02:39  [mysql] 	Attempting to start MySQL app...
14:02:39  [mysql] 	Status change detected: running
14:21:46  [mysql] 	Attempting to stop MySQL app...
14:21:46  [mysql] 	Status change detected: stopped
14:21:46  [Apache] 	Attempting to stop Apache (PID: 21576)
14:21:46  [Apache] 	Attempting to stop Apache (PID: 18384)
14:21:47  [Apache] 	Status change detected: stopped
14:25:57  [Apache] 	Attempting to start Apache app...
14:25:57  [Apache] 	Status change detected: running
14:25:58  [mysql] 	Attempting to start MySQL app...
14:25:59  [mysql] 	Status change detected: running
15:27:55  [mysql] 	Attempting to stop MySQL app...
15:27:55  [mysql] 	Status change detected: stopped
15:27:56  [Apache] 	Attempting to stop Apache (PID: 19604)
15:27:56  [Apache] 	Attempting to stop Apache (PID: 5540)
15:27:56  [Apache] 	Status change detected: stopped
15:32:05  [Apache] 	Attempting to start Apache app...
15:32:05  [Apache] 	Status change detected: running
15:32:06  [mysql] 	Attempting to start MySQL app...
15:32:06  [mysql] 	Status change detected: running
18:39:28  [mysql] 	Attempting to stop MySQL app...
18:39:29  [mysql] 	Status change detected: stopped
18:39:29  [Apache] 	Attempting to stop Apache (PID: 16364)
18:39:29  [Apache] 	Attempting to stop Apache (PID: 13704)
18:39:30  [Apache] 	Status change detected: stopped
18:39:31  [main] 	Deinitializing Modules
18:39:31  [main] 	Deinitializing Control Panel

21:51:10  [main] 	Initializing Control Panel
21:51:10  [main] 	Windows Version:  Home  64-bit
21:51:10  [main] 	XAMPP Version: 8.0.12
21:51:10  [main] 	Control Panel Version: 3.3.0  [ Compiled: Apr 6th 2021 ]
21:51:10  [main] 	You are not running with administrator rights! This will work for
21:51:10  [main] 	most application stuff but whenever you do something with services
21:51:10  [main] 	there will be a security dialogue or things will break! So think 
21:51:10  [main] 	about running this application with administrator rights!
21:51:10  [main] 	XAMPP Installation Directory: "c:\xampp\"
21:51:10  [main] 	Checking for prerequisites
21:51:11  [main] 	All prerequisites found
21:51:11  [main] 	Initializing Modules
21:51:11  [main] 	Starting Check-Timer
21:51:11  [main] 	Control Panel Ready
21:51:14  [Apache] 	Attempting to start Apache app...
21:51:14  [Apache] 	Status change detected: running
21:51:15  [mysql] 	Attempting to start MySQL app...
21:51:16  [mysql] 	Status change detected: running
21:52:29  [mysql] 	Attempting to stop MySQL app...
21:52:29  [mysql] 	Status change detected: stopped
21:52:30  [mysql] 	Attempting to start MySQL app...
21:52:31  [mysql] 	Status change detected: running
0:14:47  [mysql] 	Attempting to stop MySQL app...
0:14:47  [mysql] 	Status change detected: stopped
0:14:49  [Apache] 	Attempting to stop Apache (PID: 15648)
0:14:49  [Apache] 	Attempting to stop Apache (PID: 6828)
0:14:49  [Apache] 	Status change detected: stopped
0:14:55  [main] 	Deinitializing Modules
0:14:55  [main] 	Deinitializing Control Panel

15:01:22  [main] 	Initializing Control Panel
15:01:22  [main] 	Windows Version:  Home  64-bit
15:01:22  [main] 	XAMPP Version: 8.0.12
15:01:22  [main] 	Control Panel Version: 3.3.0  [ Compiled: Apr 6th 2021 ]
15:01:22  [main] 	You are not running with administrator rights! This will work for
15:01:22  [main] 	most application stuff but whenever you do something with services
15:01:22  [main] 	there will be a security dialogue or things will break! So think 
15:01:22  [main] 	about running this application with administrator rights!
15:01:22  [main] 	XAMPP Installation Directory: "c:\xampp\"
15:01:22  [main] 	Checking for prerequisites
15:01:23  [main] 	All prerequisites found
15:01:23  [main] 	Initializing Modules
15:01:23  [main] 	Starting Check-Timer
15:01:23  [main] 	Control Panel Ready
15:01:27  [Apache] 	Attempting to start Apache app...
15:01:27  [Apache] 	Status change detected: running
15:01:30  [mysql] 	Attempting to start MySQL app...
15:01:31  [mysql] 	Status change detected: running
15:06:54  [mysql] 	Attempting to stop MySQL app...
15:06:54  [mysql] 	Status change detected: stopped
15:06:55  [Apache] 	Attempting to stop Apache (PID: 20240)
15:06:55  [Apache] 	Attempting to stop Apache (PID: 16192)
15:06:55  [Apache] 	Status change detected: stopped
15:13:20  [Apache] 	Attempting to start Apache app...
15:13:21  [Apache] 	Status change detected: running
15:13:22  [mysql] 	Attempting to start MySQL app...
15:13:22  [mysql] 	Status change detected: running
15:16:38  [mysql] 	Attempting to stop MySQL app...
15:16:38  [mysql] 	Status change detected: stopped
15:16:39  [Apache] 	Attempting to stop Apache (PID: 16084)
15:16:39  [Apache] 	Attempting to stop Apache (PID: 10816)
15:16:39  [Apache] 	Status change detected: stopped
18:09:06  [main] 	Deinitializing Modules
18:09:06  [main] 	Deinitializing Control Panel

23:43:42  [main] 	Initializing Control Panel
23:43:42  [main] 	Windows Version:  Home  64-bit
23:43:42  [main] 	XAMPP Version: 8.0.12
23:43:42  [main] 	Control Panel Version: 3.3.0  [ Compiled: Apr 6th 2021 ]
23:43:42  [main] 	You are not running with administrator rights! This will work for
23:43:42  [main] 	most application stuff but whenever you do something with services
23:43:42  [main] 	there will be a security dialogue or things will break! So think 
23:43:42  [main] 	about running this application with administrator rights!
23:43:42  [main] 	XAMPP Installation Directory: "c:\xampp\"
23:43:42  [main] 	Checking for prerequisites
23:43:43  [main] 	All prerequisites found
23:43:43  [main] 	Initializing Modules
23:43:43  [main] 	Starting Check-Timer
23:43:43  [main] 	Control Panel Ready
23:43:45  [Apache] 	Attempting to start Apache app...
23:43:45  [Apache] 	Status change detected: running
23:43:48  [mysql] 	Attempting to start MySQL app...
23:43:48  [mysql] 	Status change detected: running
0:41:59  [mysql] 	Attempting to stop MySQL app...
0:41:59  [mysql] 	Status change detected: stopped
0:42:00  [Apache] 	Attempting to stop Apache (PID: 13212)
0:42:00  [Apache] 	Attempting to stop Apache (PID: 9912)
0:42:00  [Apache] 	Status change detected: stopped
0:42:49  [main] 	Deinitializing Modules
0:42:49  [main] 	Deinitializing Control Panel

12:15:05  [main] 	Initializing Control Panel
12:15:05  [main] 	Windows Version:  Home  64-bit
12:15:05  [main] 	XAMPP Version: 8.0.12
12:15:05  [main] 	Control Panel Version: 3.3.0  [ Compiled: Apr 6th 2021 ]
12:15:05  [main] 	You are not running with administrator rights! This will work for
12:15:05  [main] 	most application stuff but whenever you do something with services
12:15:05  [main] 	there will be a security dialogue or things will break! So think 
12:15:05  [main] 	about running this application with administrator rights!
12:15:05  [main] 	XAMPP Installation Directory: "c:\xampp\"
12:15:05  [main] 	Checking for prerequisites
12:15:05  [main] 	All prerequisites found
12:15:05  [main] 	Initializing Modules
12:15:05  [main] 	Starting Check-Timer
12:15:05  [main] 	Control Panel Ready
12:15:07  [Apache] 	Attempting to start Apache app...
12:15:07  [Apache] 	Status change detected: running
12:15:10  [mysql] 	Attempting to start MySQL app...
12:15:10  [mysql] 	Status change detected: running
13:38:13  [mysql] 	Attempting to stop MySQL app...
13:38:13  [mysql] 	Status change detected: stopped
13:38:14  [Apache] 	Attempting to stop Apache (PID: 6696)
13:38:14  [Apache] 	Attempting to stop Apache (PID: 11500)
13:38:14  [Apache] 	Status change detected: stopped
13:38:19  [main] 	Deinitializing Modules
13:38:19  [main] 	Deinitializing Control Panel

11:16:59  [main] 	Initializing Control Panel
11:16:59  [main] 	Windows Version:  Home  64-bit
11:16:59  [main] 	XAMPP Version: 8.0.12
11:16:59  [main] 	Control Panel Version: 3.3.0  [ Compiled: Apr 6th 2021 ]
11:16:59  [main] 	You are not running with administrator rights! This will work for
11:16:59  [main] 	most application stuff but whenever you do something with services
11:16:59  [main] 	there will be a security dialogue or things will break! So think 
11:16:59  [main] 	about running this application with administrator rights!
11:16:59  [main] 	XAMPP Installation Directory: "c:\xampp\"
11:16:59  [main] 	Checking for prerequisites
11:17:00  [main] 	All prerequisites found
11:17:00  [main] 	Initializing Modules
11:17:00  [main] 	Starting Check-Timer
11:17:00  [main] 	Control Panel Ready
11:17:02  [Apache] 	Attempting to start Apache app...
11:17:02  [Apache] 	Status change detected: running
11:17:13  [mysql] 	Attempting to start MySQL app...
11:17:13  [mysql] 	Status change detected: running
11:33:10  [mysql] 	Status change detected: stopped
11:33:10  [mysql] 	Error: MySQL shutdown unexpectedly.
11:33:10  [mysql] 	This may be due to a blocked port, missing dependencies, 
11:33:10  [mysql] 	improper privileges, a crash, or a shutdown by another method.
11:33:10  [mysql] 	Press the Logs button to view error logs and check
11:33:10  [mysql] 	the Windows Event Viewer for more clues
11:33:10  [mysql] 	If you need more help, copy and post this
11:33:10  [mysql] 	entire log window on the forums
11:36:44  [Apache] 	Attempting to stop Apache (PID: 14016)
11:36:44  [Apache] 	Attempting to stop Apache (PID: 12612)
11:36:44  [Apache] 	Status change detected: stopped
12:15:07  [Apache] 	Status change detected: running
12:15:10  [mysql] 	Status change detected: running
13:38:13  [mysql] 	Status change detected: stopped
13:38:13  [mysql] 	Error: MySQL shutdown unexpectedly.
13:38:13  [mysql] 	This may be due to a blocked port, missing dependencies, 
13:38:13  [mysql] 	improper privileges, a crash, or a shutdown by another method.
13:38:13  [mysql] 	Press the Logs button to view error logs and check
13:38:13  [mysql] 	the Windows Event Viewer for more clues
13:38:13  [mysql] 	If you need more help, copy and post this
13:38:13  [mysql] 	entire log window on the forums
13:38:14  [Apache] 	Status change detected: stopped
13:38:23  [main] 	Deinitializing Modules
13:38:23  [main] 	Deinitializing Control Panel

21:48:09  [main] 	Initializing Control Panel
21:48:09  [main] 	Windows Version:  Home  64-bit
21:48:09  [main] 	XAMPP Version: 8.0.12
21:48:09  [main] 	Control Panel Version: 3.3.0  [ Compiled: Apr 6th 2021 ]
21:48:09  [main] 	You are not running with administrator rights! This will work for
21:48:09  [main] 	most application stuff but whenever you do something with services
21:48:09  [main] 	there will be a security dialogue or things will break! So think 
21:48:09  [main] 	about running this application with administrator rights!
21:48:09  [main] 	XAMPP Installation Directory: "c:\users\server\desktop\xampp_220216\xampp\"
21:48:09  [main] 	Checking for prerequisites
21:48:09  [main] 	All prerequisites found
21:48:09  [main] 	Initializing Modules
21:48:09  [Apache] 	Problem detected!
21:48:09  [Apache] 	Port 443 in use by "Unable to open process" with PID 4!
21:48:09  [Apache] 	Apache WILL NOT start without the configured ports free!
21:48:09  [Apache] 	You need to uninstall/disable/reconfigure the blocking application
21:48:09  [Apache] 	or reconfigure Apache and the Control Panel to listen on a different port
21:48:09  [main] 	Enabling autostart for module "Apache"
21:48:09  [main] 	Enabling autostart for module "MySQL"
21:48:09  [main] 	Starting Check-Timer
21:48:09  [main] 	Control Panel Ready
21:48:09  [Apache] 	Autostart active: starting...
21:48:09  [Apache] 	Problem detected!
21:48:09  [Apache] 	Port 443 in use by "Unable to open process" with PID 4!
21:48:09  [Apache] 	Apache WILL NOT start without the configured ports free!
21:48:09  [Apache] 	You need to uninstall/disable/reconfigure the blocking application
21:48:09  [Apache] 	or reconfigure Apache and the Control Panel to listen on a different port
21:48:09  [Apache] 	Attempting to start Apache app...
21:48:09  [mysql] 	Autostart active: starting...
21:48:09  [mysql] 	Attempting to start MySQL app...
21:48:10  [Apache] 	Status change detected: running
21:48:10  [mysql] 	Status change detected: running
21:49:50  [Apache] 	Attempting to stop Apache (PID: 7772)
21:49:50  [Apache] 	Attempting to stop Apache (PID: 18064)
21:49:50  [Apache] 	Status change detected: stopped
21:49:51  [mysql] 	Attempting to stop MySQL app...
21:49:51  [mysql] 	Status change detected: stopped
21:49:58  [Apache] 	Status change detected: running
21:49:58  [mysql] 	Status change detected: running
21:50:44  [Apache] 	Status change detected: stopped
21:50:44  [mysql] 	Status change detected: stopped
21:57:00  [Apache] 	Status change detected: running
21:57:00  [mysql] 	Status change detected: running
22:00:03  [Apache] 	Status change detected: stopped
22:00:04  [mysql] 	Status change detected: stopped
22:00:11  [Apache] 	Status change detected: running
22:00:11  [mysql] 	Status change detected: running
22:06:41  [Apache] 	Status change detected: stopped
22:06:42  [mysql] 	Status change detected: stopped
1:14:56  [Apache] 	Status change detected: running
1:14:57  [mysql] 	Status change detected: running
1:15:01  [Apache] 	Status change detected: stopped
1:15:01  [mysql] 	Status change detected: stopped
1:15:05  [Apache] 	Status change detected: running
1:15:05  [mysql] 	Status change detected: running
1:16:11  [Apache] 	Status change detected: stopped
1:16:12  [mysql] 	Status change detected: stopped
1:20:39  [Apache] 	Status change detected: running
1:20:39  [mysql] 	Status change detected: running
1:28:09  [Apache] 	Status change detected: stopped
1:28:11  [Apache] 	Status change detected: running
1:28:41  [Apache] 	Status change detected: stopped
1:28:42  [Apache] 	Status change detected: running
1:42:25  [Apache] 	Status change detected: stopped
1:42:25  [mysql] 	Status change detected: stopped
1:49:45  [Apache] 	Status change detected: running
1:49:45  [mysql] 	Status change detected: running
1:49:45  [Apache] 	Status change detected: stopped
1:55:00  [Apache] 	Status change detected: running
1:55:01  [Apache] 	Status change detected: stopped
1:55:08  [mysql] 	Status change detected: stopped
1:55:16  [Apache] 	Status change detected: running
1:55:16  [mysql] 	Status change detected: running
1:55:17  [Apache] 	Status change detected: stopped
1:58:43  [Apache] 	Status change detected: running
2:02:34  [Apache] 	Status change detected: stopped
2:02:36  [mysql] 	Status change detected: stopped
2:02:45  [Apache] 	Status change detected: running
2:02:45  [mysql] 	Status change detected: running
2:04:46  [Apache] 	Status change detected: stopped
2:06:31  [Apache] 	Status change detected: running
2:13:04  [Apache] 	Status change detected: stopped
2:13:05  [Apache] 	Status change detected: running
2:51:50  [Apache] 	Status change detected: stopped
2:53:06  [Apache] 	Status change detected: running
2:53:43  [Apache] 	Status change detected: stopped
2:55:33  [Apache] 	Status change detected: running
3:05:03  [Apache] 	Status change detected: stopped
3:05:04  [Apache] 	Status change detected: running
3:08:35  [Apache] 	Status change detected: stopped
3:08:36  [Apache] 	Status change detected: running
3:09:54  [Apache] 	Status change detected: stopped
3:09:55  [Apache] 	Status change detected: running
3:42:58  [Apache] 	Status change detected: stopped
3:42:59  [mysql] 	Status change detected: stopped
3:43:17  [main] 	Deinitializing Modules
3:43:17  [main] 	Deinitializing Control Panel

2:02:44  [main] 	Initializing Control Panel
2:02:44  [main] 	Windows Version:  Home  64-bit
2:02:44  [main] 	XAMPP Version: 8.0.12
2:02:44  [main] 	Control Panel Version: 3.3.0  [ Compiled: Apr 6th 2021 ]
2:02:44  [main] 	You are not running with administrator rights! This will work for
2:02:44  [main] 	most application stuff but whenever you do something with services
2:02:44  [main] 	there will be a security dialogue or things will break! So think 
2:02:44  [main] 	about running this application with administrator rights!
2:02:44  [main] 	XAMPP Installation Directory: "c:\users\server\desktop\xampp_220216\xampp\"
2:02:44  [main] 	Checking for prerequisites
2:02:44  [main] 	All prerequisites found
2:02:44  [main] 	Initializing Modules
2:02:44  [main] 	Enabling autostart for module "Apache"
2:02:44  [main] 	Enabling autostart for module "MySQL"
2:02:44  [main] 	Starting Check-Timer
2:02:44  [main] 	Control Panel Ready
2:02:45  [Apache] 	Autostart active: starting...
2:02:45  [Apache] 	Attempting to start Apache app...
2:02:45  [mysql] 	Autostart active: starting...
2:02:45  [mysql] 	Attempting to start MySQL app...
2:02:45  [Apache] 	Status change detected: running
2:02:45  [mysql] 	Status change detected: running
2:04:45  [Apache] 	Attempting to stop Apache (PID: 3556)
2:04:45  [Apache] 	Attempting to stop Apache (PID: 5588)
2:04:46  [Apache] 	Status change detected: stopped
2:06:31  [Apache] 	Problem detected!
2:06:31  [Apache] 	Port 443 in use by "Unable to open process" with PID 4!
2:06:31  [Apache] 	Apache WILL NOT start without the configured ports free!
2:06:31  [Apache] 	You need to uninstall/disable/reconfigure the blocking application
2:06:31  [Apache] 	or reconfigure Apache and the Control Panel to listen on a different port
2:06:31  [Apache] 	Attempting to start Apache app...
2:06:31  [Apache] 	Status change detected: running
2:13:04  [Apache] 	Attempting to stop Apache (PID: 18832)
2:13:04  [Apache] 	Attempting to stop Apache (PID: 20268)
2:13:04  [Apache] 	Status change detected: stopped
2:13:05  [Apache] 	Problem detected!
2:13:05  [Apache] 	Port 443 in use by "Unable to open process" with PID 4!
2:13:05  [Apache] 	Apache WILL NOT start without the configured ports free!
2:13:05  [Apache] 	You need to uninstall/disable/reconfigure the blocking application
2:13:05  [Apache] 	or reconfigure Apache and the Control Panel to listen on a different port
2:13:05  [Apache] 	Attempting to start Apache app...
2:13:05  [Apache] 	Status change detected: running
2:51:50  [Apache] 	Attempting to stop Apache (PID: 7008)
2:51:50  [Apache] 	Attempting to stop Apache (PID: 5192)
2:51:50  [Apache] 	Status change detected: stopped
2:53:05  [Apache] 	Problem detected!
2:53:05  [Apache] 	Port 443 in use by "Unable to open process" with PID 4!
2:53:05  [Apache] 	Apache WILL NOT start without the configured ports free!
2:53:05  [Apache] 	You need to uninstall/disable/reconfigure the blocking application
2:53:05  [Apache] 	or reconfigure Apache and the Control Panel to listen on a different port
2:53:05  [Apache] 	Attempting to start Apache app...
2:53:06  [Apache] 	Status change detected: running
2:53:43  [Apache] 	Attempting to stop Apache (PID: 6504)
2:53:43  [Apache] 	Attempting to stop Apache (PID: 20764)
2:53:43  [Apache] 	Status change detected: stopped
2:55:33  [Apache] 	Problem detected!
2:55:33  [Apache] 	Port 80 in use by "Unable to open process" with PID 21404!
2:55:33  [Apache] 	Apache WILL NOT start without the configured ports free!
2:55:33  [Apache] 	You need to uninstall/disable/reconfigure the blocking application
2:55:33  [Apache] 	or reconfigure Apache and the Control Panel to listen on a different port
2:55:33  [Apache] 	Attempting to start Apache app...
2:55:33  [Apache] 	Status change detected: running
3:05:03  [Apache] 	Attempting to stop Apache (PID: 15132)
3:05:03  [Apache] 	Attempting to stop Apache (PID: 4580)
3:05:03  [Apache] 	Status change detected: stopped
3:05:04  [Apache] 	Problem detected!
3:05:04  [Apache] 	Port 80 in use by "Unable to open process" with PID 21404!
3:05:04  [Apache] 	Apache WILL NOT start without the configured ports free!
3:05:04  [Apache] 	You need to uninstall/disable/reconfigure the blocking application
3:05:04  [Apache] 	or reconfigure Apache and the Control Panel to listen on a different port
3:05:04  [Apache] 	Problem detected!
3:05:04  [Apache] 	Port 443 in use by "Unable to open process" with PID 4!
3:05:04  [Apache] 	Apache WILL NOT start without the configured ports free!
3:05:04  [Apache] 	You need to uninstall/disable/reconfigure the blocking application
3:05:04  [Apache] 	or reconfigure Apache and the Control Panel to listen on a different port
3:05:04  [Apache] 	Attempting to start Apache app...
3:05:04  [Apache] 	Status change detected: running
3:08:35  [Apache] 	Attempting to stop Apache (PID: 22392)
3:08:35  [Apache] 	Attempting to stop Apache (PID: 19900)
3:08:35  [Apache] 	Status change detected: stopped
3:08:35  [Apache] 	Problem detected!
3:08:35  [Apache] 	Port 80 in use by "Unable to open process" with PID 21404!
3:08:35  [Apache] 	Apache WILL NOT start without the configured ports free!
3:08:35  [Apache] 	You need to uninstall/disable/reconfigure the blocking application
3:08:35  [Apache] 	or reconfigure Apache and the Control Panel to listen on a different port
3:08:35  [Apache] 	Problem detected!
3:08:35  [Apache] 	Port 443 in use by "Unable to open process" with PID 4!
3:08:35  [Apache] 	Apache WILL NOT start without the configured ports free!
3:08:35  [Apache] 	You need to uninstall/disable/reconfigure the blocking application
3:08:35  [Apache] 	or reconfigure Apache and the Control Panel to listen on a different port
3:08:35  [Apache] 	Attempting to start Apache app...
3:08:36  [Apache] 	Status change detected: running
3:09:54  [Apache] 	Attempting to stop Apache (PID: 18724)
3:09:54  [Apache] 	Attempting to stop Apache (PID: 464)
3:09:54  [Apache] 	Status change detected: stopped
3:09:54  [Apache] 	Problem detected!
3:09:54  [Apache] 	Port 80 in use by "Unable to open process" with PID 21404!
3:09:54  [Apache] 	Apache WILL NOT start without the configured ports free!
3:09:54  [Apache] 	You need to uninstall/disable/reconfigure the blocking application
3:09:54  [Apache] 	or reconfigure Apache and the Control Panel to listen on a different port
3:09:54  [Apache] 	Problem detected!
3:09:54  [Apache] 	Port 443 in use by "Unable to open process" with PID 4!
3:09:54  [Apache] 	Apache WILL NOT start without the configured ports free!
3:09:54  [Apache] 	You need to uninstall/disable/reconfigure the blocking application
3:09:54  [Apache] 	or reconfigure Apache and the Control Panel to listen on a different port
3:09:54  [Apache] 	Attempting to start Apache app...
3:09:55  [Apache] 	Status change detected: running
3:42:57  [Apache] 	Attempting to stop Apache (PID: 2992)
3:42:57  [Apache] 	Attempting to stop Apache (PID: 22152)
3:42:58  [Apache] 	Status change detected: stopped
3:42:58  [mysql] 	Attempting to stop MySQL app...
3:42:59  [mysql] 	Status change detected: stopped
3:43:17  [main] 	Deinitializing Modules
3:43:17  [main] 	Deinitializing Control Panel

21:46:10  [main] 	Initializing Control Panel
21:46:10  [main] 	Windows Version:  Home  64-bit
21:46:10  [main] 	XAMPP Version: 8.0.12
21:46:10  [main] 	Control Panel Version: 3.3.0  [ Compiled: Apr 6th 2021 ]
21:46:10  [main] 	You are not running with administrator rights! This will work for
21:46:10  [main] 	most application stuff but whenever you do something with services
21:46:10  [main] 	there will be a security dialogue or things will break! So think 
21:46:10  [main] 	about running this application with administrator rights!
21:46:10  [main] 	XAMPP Installation Directory: "c:\users\server\desktop\xampp_220216\xampp\"
21:46:10  [main] 	Checking for prerequisites
21:46:10  [main] 	All prerequisites found
21:46:10  [main] 	Initializing Modules
21:46:10  [Apache] 	XAMPP Apache is already running on port 80
21:46:10  [Apache] 	Problem detected!
21:46:10  [Apache] 	Port 443 in use by "Unable to open process" with PID 4!
21:46:10  [Apache] 	Apache WILL NOT start without the configured ports free!
21:46:10  [Apache] 	You need to uninstall/disable/reconfigure the blocking application
21:46:10  [Apache] 	or reconfigure Apache and the Control Panel to listen on a different port
21:46:10  [mysql] 	XAMPP MySQL is already running on port 3306
21:46:10  [main] 	Enabling autostart for module "Apache"
21:46:10  [main] 	Enabling autostart for module "MySQL"
21:46:10  [main] 	Starting Check-Timer
21:46:10  [main] 	Control Panel Ready
21:46:11  [Apache] 	Autostart aborted: Apache is already running
21:46:11  [mysql] 	Autostart aborted: MySQL is already running
21:46:37  [Apache] 	Attempting to stop Apache (PID: 3972)
21:46:37  [Apache] 	Attempting to stop Apache (PID: 1668)
21:46:37  [Apache] 	Status change detected: stopped
21:46:39  [mysql] 	Attempting to stop MySQL app...
21:46:39  [mysql] 	Status change detected: stopped
21:46:45  [Apache] 	Status change detected: running
21:46:45  [mysql] 	Status change detected: running
21:47:27  [Apache] 	Status change detected: stopped
21:47:28  [mysql] 	Status change detected: stopped
21:48:10  [Apache] 	Status change detected: running
21:48:10  [mysql] 	Status change detected: running
21:49:50  [Apache] 	Status change detected: stopped
21:49:51  [mysql] 	Status change detected: stopped
21:49:58  [Apache] 	Status change detected: running
21:49:58  [mysql] 	Status change detected: running
21:50:44  [Apache] 	Status change detected: stopped
21:50:45  [mysql] 	Status change detected: stopped
21:57:00  [Apache] 	Status change detected: running
21:57:00  [mysql] 	Status change detected: running
22:00:03  [Apache] 	Status change detected: stopped
22:00:04  [mysql] 	Status change detected: stopped
22:00:11  [Apache] 	Status change detected: running
22:00:11  [mysql] 	Status change detected: running
22:06:42  [Apache] 	Status change detected: stopped
22:06:42  [mysql] 	Status change detected: stopped
1:14:56  [Apache] 	Status change detected: running
1:14:57  [mysql] 	Status change detected: running
1:15:01  [Apache] 	Status change detected: stopped
1:15:01  [mysql] 	Status change detected: stopped
1:15:05  [Apache] 	Status change detected: running
1:15:05  [mysql] 	Status change detected: running
1:16:11  [Apache] 	Status change detected: stopped
1:16:12  [mysql] 	Status change detected: stopped
1:20:39  [Apache] 	Status change detected: running
1:20:39  [mysql] 	Status change detected: running
1:28:09  [Apache] 	Status change detected: stopped
1:28:11  [Apache] 	Status change detected: running
1:28:41  [Apache] 	Status change detected: stopped
1:28:42  [Apache] 	Status change detected: running
1:42:25  [Apache] 	Status change detected: stopped
1:42:25  [mysql] 	Status change detected: stopped
1:49:45  [Apache] 	Status change detected: running
1:49:45  [mysql] 	Status change detected: running
1:49:45  [Apache] 	Status change detected: stopped
1:55:00  [Apache] 	Status change detected: running
1:55:01  [Apache] 	Status change detected: stopped
1:55:08  [mysql] 	Status change detected: stopped
1:55:16  [Apache] 	Status change detected: running
1:55:16  [mysql] 	Status change detected: running
1:55:17  [Apache] 	Status change detected: stopped
1:58:43  [Apache] 	Status change detected: running
2:02:34  [Apache] 	Status change detected: stopped
2:02:36  [mysql] 	Status change detected: stopped
2:02:45  [Apache] 	Status change detected: running
2:02:45  [mysql] 	Status change detected: running
2:04:46  [Apache] 	Status change detected: stopped
2:06:31  [Apache] 	Status change detected: running
2:13:04  [Apache] 	Status change detected: stopped
2:13:05  [Apache] 	Status change detected: running
2:51:50  [Apache] 	Status change detected: stopped
2:53:06  [Apache] 	Status change detected: running
2:53:43  [Apache] 	Status change detected: stopped
2:55:33  [Apache] 	Status change detected: running
3:05:03  [Apache] 	Status change detected: stopped
3:05:04  [Apache] 	Status change detected: running
3:08:35  [Apache] 	Status change detected: stopped
3:08:36  [Apache] 	Status change detected: running
3:09:54  [Apache] 	Status change detected: stopped
3:09:55  [Apache] 	Status change detected: running
3:42:58  [Apache] 	Status change detected: stopped
3:42:59  [mysql] 	Status change detected: stopped
3:43:17  [main] 	Deinitializing Modules
3:43:17  [main] 	Deinitializing Control Panel

22:00:10  [main] 	Initializing Control Panel
22:00:10  [main] 	Windows Version:  Home  64-bit
22:00:10  [main] 	XAMPP Version: 8.0.12
22:00:10  [main] 	Control Panel Version: 3.3.0  [ Compiled: Apr 6th 2021 ]
22:00:10  [main] 	You are not running with administrator rights! This will work for
22:00:10  [main] 	most application stuff but whenever you do something with services
22:00:10  [main] 	there will be a security dialogue or things will break! So think 
22:00:10  [main] 	about running this application with administrator rights!
22:00:10  [main] 	XAMPP Installation Directory: "c:\users\server\desktop\xampp_220216\xampp\"
22:00:10  [main] 	Checking for prerequisites
22:00:10  [main] 	All prerequisites found
22:00:10  [main] 	Initializing Modules
22:00:10  [Apache] 	Problem detected!
22:00:10  [Apache] 	Port 443 in use by "Unable to open process" with PID 4!
22:00:10  [Apache] 	Apache WILL NOT start without the configured ports free!
22:00:10  [Apache] 	You need to uninstall/disable/reconfigure the blocking application
22:00:10  [Apache] 	or reconfigure Apache and the Control Panel to listen on a different port
22:00:10  [main] 	Enabling autostart for module "Apache"
22:00:10  [main] 	Enabling autostart for module "MySQL"
22:00:10  [main] 	Starting Check-Timer
22:00:10  [main] 	Control Panel Ready
22:00:11  [Apache] 	Autostart active: starting...
22:00:11  [Apache] 	Problem detected!
22:00:11  [Apache] 	Port 443 in use by "Unable to open process" with PID 4!
22:00:11  [Apache] 	Apache WILL NOT start without the configured ports free!
22:00:11  [Apache] 	You need to uninstall/disable/reconfigure the blocking application
22:00:11  [Apache] 	or reconfigure Apache and the Control Panel to listen on a different port
22:00:11  [Apache] 	Attempting to start Apache app...
22:00:11  [mysql] 	Autostart active: starting...
22:00:11  [mysql] 	Attempting to start MySQL app...
22:00:11  [Apache] 	Status change detected: running
22:00:11  [mysql] 	Status change detected: running
22:06:41  [Apache] 	Attempting to stop Apache (PID: 11668)
22:06:41  [Apache] 	Attempting to stop Apache (PID: 17668)
22:06:41  [Apache] 	Status change detected: stopped
22:06:42  [mysql] 	Attempting to stop MySQL app...
22:06:42  [mysql] 	Status change detected: stopped
1:14:56  [Apache] 	Status change detected: running
1:14:57  [mysql] 	Status change detected: running
1:15:01  [Apache] 	Status change detected: stopped
1:15:01  [mysql] 	Status change detected: stopped
1:15:05  [Apache] 	Status change detected: running
1:15:05  [mysql] 	Status change detected: running
1:16:11  [Apache] 	Status change detected: stopped
1:16:12  [mysql] 	Status change detected: stopped
1:20:39  [Apache] 	Status change detected: running
1:20:39  [mysql] 	Status change detected: running
1:28:09  [Apache] 	Status change detected: stopped
1:28:11  [Apache] 	Status change detected: running
1:28:41  [Apache] 	Status change detected: stopped
1:28:42  [Apache] 	Status change detected: running
1:42:25  [Apache] 	Status change detected: stopped
1:42:25  [mysql] 	Status change detected: stopped
1:49:45  [Apache] 	Status change detected: running
1:49:45  [mysql] 	Status change detected: running
1:49:45  [Apache] 	Status change detected: stopped
1:55:00  [Apache] 	Status change detected: running
1:55:01  [Apache] 	Status change detected: stopped
1:55:08  [mysql] 	Status change detected: stopped
1:55:16  [Apache] 	Status change detected: running
1:55:16  [mysql] 	Status change detected: running
1:55:17  [Apache] 	Status change detected: stopped
1:58:43  [Apache] 	Status change detected: running
2:02:34  [Apache] 	Status change detected: stopped
2:02:36  [mysql] 	Status change detected: stopped
2:02:45  [Apache] 	Status change detected: running
2:02:45  [mysql] 	Status change detected: running
2:04:46  [Apache] 	Status change detected: stopped
2:06:32  [Apache] 	Status change detected: running
2:13:04  [Apache] 	Status change detected: stopped
2:13:05  [Apache] 	Status change detected: running
2:51:50  [Apache] 	Status change detected: stopped
2:53:06  [Apache] 	Status change detected: running
2:53:43  [Apache] 	Status change detected: stopped
2:55:33  [Apache] 	Status change detected: running
3:05:03  [Apache] 	Status change detected: stopped
3:05:04  [Apache] 	Status change detected: running
3:08:35  [Apache] 	Status change detected: stopped
3:08:36  [Apache] 	Status change detected: running
3:09:54  [Apache] 	Status change detected: stopped
3:09:55  [Apache] 	Status change detected: running
3:42:58  [Apache] 	Status change detected: stopped
3:42:59  [mysql] 	Status change detected: stopped
3:43:24  [main] 	Deinitializing Modules
3:43:24  [main] 	Deinitializing Control Panel

12:11:51  [main] 	Initializing Control Panel
12:11:51  [main] 	Windows Version:  Home  64-bit
12:11:51  [main] 	XAMPP Version: 8.0.12
12:11:51  [main] 	Control Panel Version: 3.3.0  [ Compiled: Apr 6th 2021 ]
12:11:51  [main] 	You are not running with administrator rights! This will work for
12:11:51  [main] 	most application stuff but whenever you do something with services
12:11:51  [main] 	there will be a security dialogue or things will break! So think 
12:11:51  [main] 	about running this application with administrator rights!
12:11:51  [main] 	XAMPP Installation Directory: "c:\xampp\"
12:11:51  [main] 	Checking for prerequisites
12:11:51  [main] 	All prerequisites found
12:11:51  [main] 	Initializing Modules
12:11:51  [main] 	Enabling autostart for module "Apache"
12:11:51  [main] 	Enabling autostart for module "MySQL"
12:11:51  [main] 	Starting Check-Timer
12:11:51  [main] 	Control Panel Ready
12:11:52  [Apache] 	Autostart active: starting...
12:11:52  [Apache] 	Attempting to start Apache app...
12:11:52  [mysql] 	Autostart active: starting...
12:11:52  [mysql] 	Attempting to start MySQL app...
12:11:52  [Apache] 	Status change detected: running
12:11:52  [mysql] 	Status change detected: running
12:11:53  [mysql] 	Status change detected: stopped
12:11:53  [mysql] 	Error: MySQL shutdown unexpectedly.
12:11:53  [mysql] 	This may be due to a blocked port, missing dependencies, 
12:11:53  [mysql] 	improper privileges, a crash, or a shutdown by another method.
12:11:53  [mysql] 	Press the Logs button to view error logs and check
12:11:53  [mysql] 	the Windows Event Viewer for more clues
12:11:53  [mysql] 	If you need more help, copy and post this
12:11:53  [mysql] 	entire log window on the forums
12:12:01  [mysql] 	Attempting to start MySQL app...
12:12:01  [mysql] 	Status change detected: running
12:13:44  [mysql] 	Attempting to stop MySQL app...
12:13:45  [mysql] 	Status change detected: stopped
12:13:46  [Apache] 	Attempting to stop Apache (PID: 21348)
12:13:46  [Apache] 	Attempting to stop Apache (PID: 8596)
12:13:46  [Apache] 	Status change detected: stopped
12:13:52  [main] 	Deinitializing Modules
12:13:52  [main] 	Deinitializing Control Panel

12:11:05  [main] 	Initializing Control Panel
12:11:05  [main] 	Windows Version:  Home  64-bit
12:11:06  [main] 	XAMPP Version: 8.0.12
12:11:06  [main] 	Control Panel Version: 3.3.0  [ Compiled: Apr 6th 2021 ]
12:11:06  [main] 	You are not running with administrator rights! This will work for
12:11:06  [main] 	most application stuff but whenever you do something with services
12:11:06  [main] 	there will be a security dialogue or things will break! So think 
12:11:06  [main] 	about running this application with administrator rights!
12:11:06  [main] 	XAMPP Installation Directory: "c:\xampp\"
12:11:06  [main] 	Checking for prerequisites
12:11:06  [main] 	All prerequisites found
12:11:06  [main] 	Initializing Modules
12:11:06  [main] 	Enabling autostart for module "Apache"
12:11:06  [main] 	Enabling autostart for module "MySQL"
12:11:06  [main] 	Starting Check-Timer
12:11:06  [main] 	Control Panel Ready
12:11:07  [Apache] 	Autostart active: starting...
12:11:07  [Apache] 	Attempting to start Apache app...
12:11:07  [mysql] 	Autostart active: starting...
12:11:07  [mysql] 	Attempting to start MySQL app...
12:11:15  [Apache] 	Attempting to start Apache app...
12:11:15  [Apache] 	Status change detected: running
12:11:16  [Apache] 	Status change detected: stopped
12:11:16  [Apache] 	Error: Apache shutdown unexpectedly.
12:11:16  [Apache] 	This may be due to a blocked port, missing dependencies, 
12:11:16  [Apache] 	improper privileges, a crash, or a shutdown by another method.
12:11:16  [Apache] 	Press the Logs button to view error logs and check
12:11:16  [Apache] 	the Windows Event Viewer for more clues
12:11:16  [Apache] 	If you need more help, copy and post this
12:11:16  [Apache] 	entire log window on the forums
12:11:52  [Apache] 	Status change detected: running
12:11:52  [mysql] 	Status change detected: running
12:11:53  [mysql] 	Status change detected: stopped
12:11:53  [mysql] 	Error: MySQL shutdown unexpectedly.
12:11:53  [mysql] 	This may be due to a blocked port, missing dependencies, 
12:11:53  [mysql] 	improper privileges, a crash, or a shutdown by another method.
12:11:53  [mysql] 	Press the Logs button to view error logs and check
12:11:53  [mysql] 	the Windows Event Viewer for more clues
12:11:53  [mysql] 	If you need more help, copy and post this
12:11:53  [mysql] 	entire log window on the forums
12:12:01  [mysql] 	Status change detected: running
12:13:45  [mysql] 	Status change detected: stopped
12:13:45  [mysql] 	Error: MySQL shutdown unexpectedly.
12:13:45  [mysql] 	This may be due to a blocked port, missing dependencies, 
12:13:45  [mysql] 	improper privileges, a crash, or a shutdown by another method.
12:13:45  [mysql] 	Press the Logs button to view error logs and check
12:13:45  [mysql] 	the Windows Event Viewer for more clues
12:13:45  [mysql] 	If you need more help, copy and post this
12:13:45  [mysql] 	entire log window on the forums
12:13:46  [Apache] 	Status change detected: stopped
12:13:46  [Apache] 	Error: Apache shutdown unexpectedly.
12:13:46  [Apache] 	This may be due to a blocked port, missing dependencies, 
12:13:46  [Apache] 	improper privileges, a crash, or a shutdown by another method.
12:13:46  [Apache] 	Press the Logs button to view error logs and check
12:13:46  [Apache] 	the Windows Event Viewer for more clues
12:13:46  [Apache] 	If you need more help, copy and post this
12:13:46  [Apache] 	entire log window on the forums
12:13:54  [main] 	Deinitializing Modules
12:13:54  [main] 	Deinitializing Control Panel

14:38:30  [main] 	Initializing Control Panel
14:38:30  [main] 	Windows Version:  Home  64-bit
14:38:30  [main] 	XAMPP Version: 8.0.12
14:38:30  [main] 	Control Panel Version: 3.3.0  [ Compiled: Apr 6th 2021 ]
14:38:30  [main] 	You are not running with administrator rights! This will work for
14:38:30  [main] 	most application stuff but whenever you do something with services
14:38:30  [main] 	there will be a security dialogue or things will break! So think 
14:38:30  [main] 	about running this application with administrator rights!
14:38:30  [main] 	XAMPP Installation Directory: "c:\xampp\"
14:38:30  [main] 	Checking for prerequisites
14:38:30  [main] 	All prerequisites found
14:38:30  [main] 	Initializing Modules
14:38:30  [main] 	Enabling autostart for module "Apache"
14:38:30  [main] 	Enabling autostart for module "MySQL"
14:38:30  [main] 	Starting Check-Timer
14:38:30  [main] 	Control Panel Ready
14:38:31  [Apache] 	Autostart active: starting...
14:38:31  [Apache] 	Attempting to start Apache app...
14:38:31  [mysql] 	Autostart active: starting...
14:38:31  [mysql] 	Attempting to start MySQL app...
14:38:31  [Apache] 	Status change detected: running
14:38:31  [mysql] 	Status change detected: running
14:40:12  [mysql] 	Attempting to stop MySQL app...
14:40:12  [mysql] 	Status change detected: stopped
14:40:13  [Apache] 	Attempting to stop Apache (PID: 14760)
14:40:13  [Apache] 	Attempting to stop Apache (PID: 18080)
14:40:13  [Apache] 	Status change detected: stopped
14:40:15  [main] 	Deinitializing Modules
14:40:15  [main] 	Deinitializing Control Panel

16:26:57  [main] 	Initializing Control Panel
16:26:57  [main] 	Windows Version:  Home  64-bit
16:26:57  [main] 	XAMPP Version: 8.0.12
16:26:57  [main] 	Control Panel Version: 3.3.0  [ Compiled: Apr 6th 2021 ]
16:26:57  [main] 	You are not running with administrator rights! This will work for
16:26:57  [main] 	most application stuff but whenever you do something with services
16:26:57  [main] 	there will be a security dialogue or things will break! So think 
16:26:57  [main] 	about running this application with administrator rights!
16:26:57  [main] 	XAMPP Installation Directory: "c:\users\201017\desktop\xampp_220219\xampp\"
16:26:57  [main] 	Checking for prerequisites
16:26:57  [main] 	All prerequisites found
16:26:57  [main] 	Initializing Modules
16:26:57  [main] 	Enabling autostart for module "Apache"
16:26:57  [main] 	Enabling autostart for module "MySQL"
16:26:57  [main] 	Starting Check-Timer
16:26:57  [main] 	Control Panel Ready
16:26:57  [Apache] 	Autostart active: starting...
16:26:57  [Apache] 	Attempting to start Apache app...
16:26:57  [mysql] 	Autostart active: starting...
16:26:57  [mysql] 	Attempting to start MySQL app...
16:26:58  [Apache] 	Status change detected: running
16:26:58  [mysql] 	Status change detected: running
16:30:53  [Apache] 	Attempting to stop Apache (PID: 8584)
16:30:53  [Apache] 	Attempting to stop Apache (PID: 8072)
16:30:53  [Apache] 	Status change detected: stopped
16:30:54  [mysql] 	Attempting to stop MySQL app...
16:30:54  [mysql] 	Status change detected: stopped
16:32:38  [main] 	Deinitializing Modules
16:32:38  [main] 	Deinitializing Control Panel

11:58:45  [main] 	Initializing Control Panel
11:58:45  [main] 	Windows Version:  Home  64-bit
11:58:45  [main] 	XAMPP Version: 8.0.12
11:58:45  [main] 	Control Panel Version: 3.3.0  [ Compiled: Apr 6th 2021 ]
11:58:45  [main] 	You are not running with administrator rights! This will work for
11:58:45  [main] 	most application stuff but whenever you do something with services
11:58:45  [main] 	there will be a security dialogue or things will break! So think 
11:58:45  [main] 	about running this application with administrator rights!
11:58:45  [main] 	XAMPP Installation Directory: "c:\users\201017\desktop\xampp_220219\xampp\"
11:58:46  [main] 	Checking for prerequisites
11:58:46  [main] 	All prerequisites found
11:58:46  [main] 	Initializing Modules
11:58:46  [Apache] 	XAMPP Apache is already running on port 80
11:58:46  [mysql] 	XAMPP MySQL is already running on port 3306
11:58:46  [main] 	Enabling autostart for module "Apache"
11:58:46  [main] 	Enabling autostart for module "MySQL"
11:58:46  [main] 	Starting Check-Timer
11:58:46  [main] 	Control Panel Ready
11:58:46  [Apache] 	Autostart aborted: Apache is already running
11:58:46  [mysql] 	Autostart aborted: MySQL is already running
11:58:48  [Apache] 	Attempting to stop Apache (PID: 8052)
11:58:48  [Apache] 	Attempting to stop Apache (PID: 17664)
11:58:48  [Apache] 	Status change detected: stopped
11:58:49  [mysql] 	Attempting to stop MySQL app...
11:58:49  [mysql] 	Status change detected: stopped
12:01:49  [Apache] 	Status change detected: running
12:01:49  [mysql] 	Status change detected: running
12:08:48  [Apache] 	Status change detected: stopped
12:08:49  [mysql] 	Status change detected: stopped
12:09:03  [Apache] 	Status change detected: running
12:09:03  [mysql] 	Status change detected: running
12:11:00  [Apache] 	Status change detected: stopped
12:11:01  [mysql] 	Status change detected: stopped
12:56:00  [main] 	Deinitializing Modules
12:56:00  [main] 	Deinitializing Control Panel

12:09:03  [main] 	Initializing Control Panel
12:09:03  [main] 	Windows Version:  Home  64-bit
12:09:03  [main] 	XAMPP Version: 8.0.12
12:09:03  [main] 	Control Panel Version: 3.3.0  [ Compiled: Apr 6th 2021 ]
12:09:03  [main] 	You are not running with administrator rights! This will work for
12:09:03  [main] 	most application stuff but whenever you do something with services
12:09:03  [main] 	there will be a security dialogue or things will break! So think 
12:09:03  [main] 	about running this application with administrator rights!
12:09:03  [main] 	XAMPP Installation Directory: "c:\users\201017\desktop\xampp_220219\xampp\"
12:09:03  [main] 	Checking for prerequisites
12:09:03  [main] 	All prerequisites found
12:09:03  [main] 	Initializing Modules
12:09:03  [main] 	Enabling autostart for module "Apache"
12:09:03  [main] 	Enabling autostart for module "MySQL"
12:09:03  [main] 	Starting Check-Timer
12:09:03  [main] 	Control Panel Ready
12:09:03  [Apache] 	Autostart active: starting...
12:09:03  [Apache] 	Attempting to start Apache app...
12:09:03  [mysql] 	Autostart active: starting...
12:09:03  [mysql] 	Attempting to start MySQL app...
12:09:04  [Apache] 	Status change detected: running
12:09:04  [mysql] 	Status change detected: running
12:11:00  [Apache] 	Attempting to stop Apache (PID: 9336)
12:11:00  [Apache] 	Attempting to stop Apache (PID: 10284)
12:11:00  [Apache] 	Status change detected: stopped
12:11:01  [mysql] 	Attempting to stop MySQL app...
12:11:01  [mysql] 	Status change detected: stopped
12:56:00  [main] 	Deinitializing Modules
12:56:00  [main] 	Deinitializing Control Panel

16:34:37  [main] 	Initializing Control Panel
16:34:37  [main] 	Windows Version:  Home  64-bit
16:34:37  [main] 	XAMPP Version: 8.0.12
16:34:37  [main] 	Control Panel Version: 3.3.0  [ Compiled: Apr 6th 2021 ]
16:34:37  [main] 	You are not running with administrator rights! This will work for
16:34:37  [main] 	most application stuff but whenever you do something with services
16:34:37  [main] 	there will be a security dialogue or things will break! So think 
16:34:37  [main] 	about running this application with administrator rights!
16:34:37  [main] 	XAMPP Installation Directory: "c:\users\201017\desktop\xampp_220219\xampp\"
16:34:37  [main] 	Checking for prerequisites
16:34:37  [main] 	All prerequisites found
16:34:37  [main] 	Initializing Modules
16:34:37  [main] 	Enabling autostart for module "Apache"
16:34:37  [main] 	Enabling autostart for module "MySQL"
16:34:37  [main] 	Starting Check-Timer
16:34:37  [main] 	Control Panel Ready
16:34:37  [Apache] 	Autostart active: starting...
16:34:37  [Apache] 	Attempting to start Apache app...
16:34:37  [mysql] 	Autostart active: starting...
16:34:37  [mysql] 	Attempting to start MySQL app...
16:34:38  [Apache] 	Status change detected: running
16:34:38  [mysql] 	Status change detected: running
16:34:39  [Apache] 	Attempting to stop Apache (PID: 17728)
16:34:39  [Apache] 	Attempting to stop Apache (PID: 16924)
16:34:39  [Apache] 	Status change detected: stopped
16:34:39  [mysql] 	Attempting to stop MySQL app...
16:34:40  [mysql] 	Status change detected: stopped
18:04:03  [main] 	Deinitializing Modules
18:04:03  [main] 	Deinitializing Control Panel

16:28:22  [main] 	Initializing Control Panel
16:28:22  [main] 	Windows Version:  Home  64-bit
16:28:22  [main] 	XAMPP Version: 8.0.12
16:28:22  [main] 	Control Panel Version: 3.3.0  [ Compiled: Apr 6th 2021 ]
16:28:22  [main] 	You are not running with administrator rights! This will work for
16:28:22  [main] 	most application stuff but whenever you do something with services
16:28:22  [main] 	there will be a security dialogue or things will break! So think 
16:28:22  [main] 	about running this application with administrator rights!
16:28:22  [main] 	XAMPP Installation Directory: "c:\users\201017\desktop\xampp_220219\xampp\"
16:28:22  [main] 	Checking for prerequisites
16:28:23  [main] 	All prerequisites found
16:28:23  [main] 	Initializing Modules
16:28:23  [main] 	Enabling autostart for module "Apache"
16:28:23  [main] 	Enabling autostart for module "MySQL"
16:28:23  [main] 	Starting Check-Timer
16:28:23  [main] 	Control Panel Ready
16:28:23  [Apache] 	Autostart active: starting...
16:28:23  [Apache] 	Attempting to start Apache app...
16:28:23  [mysql] 	Autostart active: starting...
16:28:23  [mysql] 	Attempting to start MySQL app...
16:28:24  [Apache] 	Status change detected: running
16:28:24  [mysql] 	Status change detected: running
16:30:52  [Apache] 	Attempting to stop Apache (PID: 6200)
16:30:52  [Apache] 	Attempting to stop Apache (PID: 17336)
16:30:52  [Apache] 	Status change detected: stopped
16:30:53  [mysql] 	Attempting to stop MySQL app...
16:30:53  [mysql] 	Status change detected: stopped
16:34:38  [Apache] 	Status change detected: running
16:34:38  [mysql] 	Status change detected: running
16:34:39  [Apache] 	Status change detected: stopped
16:34:40  [mysql] 	Status change detected: stopped
18:04:03  [main] 	Deinitializing Modules
18:04:03  [main] 	Deinitializing Control Panel

9:36:25  [main] 	Initializing Control Panel
9:36:25  [main] 	Windows Version:  Home  64-bit
9:36:25  [main] 	XAMPP Version: 8.0.12
9:36:25  [main] 	Control Panel Version: 3.3.0  [ Compiled: Apr 6th 2021 ]
9:36:25  [main] 	You are not running with administrator rights! This will work for
9:36:25  [main] 	most application stuff but whenever you do something with services
9:36:25  [main] 	there will be a security dialogue or things will break! So think 
9:36:25  [main] 	about running this application with administrator rights!
9:36:25  [main] 	XAMPP Installation Directory: "c:\users\201017\desktop\xampp_220219\xampp\"
9:36:25  [main] 	Checking for prerequisites
9:36:25  [main] 	All prerequisites found
9:36:25  [main] 	Initializing Modules
9:36:25  [main] 	Enabling autostart for module "Apache"
9:36:25  [main] 	Enabling autostart for module "MySQL"
9:36:25  [main] 	Starting Check-Timer
9:36:25  [main] 	Control Panel Ready
9:36:26  [Apache] 	Autostart active: starting...
9:36:26  [Apache] 	Attempting to start Apache app...
9:36:26  [mysql] 	Autostart active: starting...
9:36:26  [mysql] 	Attempting to start MySQL app...
9:36:26  [Apache] 	Status change detected: running
9:36:26  [mysql] 	Status change detected: running
9:36:38  [Apache] 	Attempting to stop Apache (PID: 12228)
9:36:38  [Apache] 	Attempting to stop Apache (PID: 12720)
9:36:38  [Apache] 	Status change detected: stopped
9:36:39  [mysql] 	Attempting to stop MySQL app...
9:36:39  [mysql] 	Status change detected: stopped
9:42:08  [main] 	Deinitializing Modules
9:42:08  [main] 	Deinitializing Control Panel

10:21:49  [main] 	Initializing Control Panel
10:21:50  [main] 	Windows Version:  Home  64-bit
10:21:50  [main] 	XAMPP Version: 8.0.12
10:21:50  [main] 	Control Panel Version: 3.3.0  [ Compiled: Apr 6th 2021 ]
10:21:50  [main] 	You are not running with administrator rights! This will work for
10:21:50  [main] 	most application stuff but whenever you do something with services
10:21:50  [main] 	there will be a security dialogue or things will break! So think 
10:21:50  [main] 	about running this application with administrator rights!
10:21:50  [main] 	XAMPP Installation Directory: "c:\users\201017\desktop\xampp_220219\xampp\"
10:21:50  [main] 	Checking for prerequisites
10:21:50  [main] 	All prerequisites found
10:21:50  [main] 	Initializing Modules
10:21:50  [main] 	Enabling autostart for module "Apache"
10:21:50  [main] 	Enabling autostart for module "MySQL"
10:21:50  [main] 	Starting Check-Timer
10:21:50  [main] 	Control Panel Ready
10:21:50  [Apache] 	Autostart active: starting...
10:21:50  [Apache] 	Attempting to start Apache app...
10:21:50  [mysql] 	Autostart active: starting...
10:21:50  [mysql] 	Attempting to start MySQL app...
10:21:51  [Apache] 	Status change detected: running
10:21:51  [mysql] 	Status change detected: running
10:26:12  [Apache] 	Attempting to stop Apache (PID: 1452)
10:26:12  [Apache] 	Attempting to stop Apache (PID: 16112)
10:26:12  [Apache] 	Status change detected: stopped
10:26:13  [mysql] 	Attempting to stop MySQL app...
10:26:13  [mysql] 	Status change detected: stopped
10:26:27  [main] 	Deinitializing Modules
10:26:27  [main] 	Deinitializing Control Panel

12:43:49  [main] 	Initializing Control Panel
12:43:49  [main] 	Windows Version:  Home  64-bit
12:43:49  [main] 	XAMPP Version: 8.0.12
12:43:49  [main] 	Control Panel Version: 3.3.0  [ Compiled: Apr 6th 2021 ]
12:43:49  [main] 	You are not running with administrator rights! This will work for
12:43:49  [main] 	most application stuff but whenever you do something with services
12:43:49  [main] 	there will be a security dialogue or things will break! So think 
12:43:49  [main] 	about running this application with administrator rights!
12:43:49  [main] 	XAMPP Installation Directory: "c:\users\201017\desktop\xampp_220219\xampp\"
12:43:49  [main] 	Checking for prerequisites
12:43:50  [main] 	All prerequisites found
12:43:50  [main] 	Initializing Modules
12:43:50  [main] 	Enabling autostart for module "Apache"
12:43:50  [main] 	Enabling autostart for module "MySQL"
12:43:50  [main] 	Starting Check-Timer
12:43:50  [main] 	Control Panel Ready
12:43:50  [Apache] 	Autostart active: starting...
12:43:50  [Apache] 	Attempting to start Apache app...
12:43:50  [mysql] 	Autostart active: starting...
12:43:50  [mysql] 	Attempting to start MySQL app...
12:43:51  [Apache] 	Status change detected: running
12:43:51  [mysql] 	Status change detected: running
13:39:02  [Apache] 	Attempting to stop Apache (PID: 15292)
13:39:02  [Apache] 	Attempting to stop Apache (PID: 13260)
13:39:02  [Apache] 	Status change detected: stopped
13:39:02  [mysql] 	Attempting to stop MySQL app...
13:39:02  [mysql] 	Status change detected: stopped
13:39:14  [Apache] 	Status change detected: running
13:39:14  [mysql] 	Status change detected: running
13:58:33  [Apache] 	Status change detected: stopped
13:58:33  [mysql] 	Status change detected: stopped
14:03:02  [Apache] 	Status change detected: running
14:03:02  [mysql] 	Status change detected: running
14:22:00  [Apache] 	Status change detected: stopped
14:22:00  [mysql] 	Status change detected: stopped
14:23:04  [Apache] 	Status change detected: running
14:23:04  [mysql] 	Status change detected: running
15:00:30  [Apache] 	Status change detected: stopped
15:00:30  [mysql] 	Status change detected: stopped
15:00:54  [Apache] 	Status change detected: running
15:00:54  [mysql] 	Status change detected: running
18:20:27  [Apache] 	Status change detected: stopped
18:20:28  [mysql] 	Status change detected: stopped
18:22:31  [Apache] 	Status change detected: running
18:22:31  [mysql] 	Status change detected: running
18:24:13  [Apache] 	Status change detected: stopped
18:24:13  [mysql] 	Status change detected: stopped
19:51:50  [Apache] 	Status change detected: running
19:51:50  [mysql] 	Status change detected: running
20:04:09  [Apache] 	Status change detected: stopped
20:04:09  [mysql] 	Status change detected: stopped
20:08:38  [main] 	Deinitializing Modules
20:08:38  [main] 	Deinitializing Control Panel

14:23:03  [main] 	Initializing Control Panel
14:23:03  [main] 	Windows Version:  Home  64-bit
14:23:03  [main] 	XAMPP Version: 8.0.12
14:23:03  [main] 	Control Panel Version: 3.3.0  [ Compiled: Apr 6th 2021 ]
14:23:03  [main] 	You are not running with administrator rights! This will work for
14:23:03  [main] 	most application stuff but whenever you do something with services
14:23:03  [main] 	there will be a security dialogue or things will break! So think 
14:23:03  [main] 	about running this application with administrator rights!
14:23:03  [main] 	XAMPP Installation Directory: "c:\users\201017\desktop\xampp_220219\xampp\"
14:23:03  [main] 	Checking for prerequisites
14:23:03  [main] 	All prerequisites found
14:23:03  [main] 	Initializing Modules
14:23:03  [main] 	Enabling autostart for module "Apache"
14:23:03  [main] 	Enabling autostart for module "MySQL"
14:23:03  [main] 	Starting Check-Timer
14:23:03  [main] 	Control Panel Ready
14:23:03  [Apache] 	Autostart active: starting...
14:23:03  [Apache] 	Attempting to start Apache app...
14:23:03  [mysql] 	Autostart active: starting...
14:23:03  [mysql] 	Attempting to start MySQL app...
14:23:04  [Apache] 	Status change detected: running
14:23:04  [mysql] 	Status change detected: running
15:00:29  [Apache] 	Attempting to stop Apache (PID: 11312)
15:00:29  [Apache] 	Attempting to stop Apache (PID: 2108)
15:00:30  [Apache] 	Status change detected: stopped
15:00:30  [mysql] 	Attempting to stop MySQL app...
15:00:30  [mysql] 	Status change detected: stopped
15:00:54  [Apache] 	Status change detected: running
15:00:54  [mysql] 	Status change detected: running
18:20:27  [Apache] 	Status change detected: stopped
18:20:28  [mysql] 	Status change detected: stopped
18:22:31  [Apache] 	Status change detected: running
18:22:31  [mysql] 	Status change detected: running
18:24:13  [Apache] 	Status change detected: stopped
18:24:13  [mysql] 	Status change detected: stopped
19:51:50  [Apache] 	Status change detected: running
19:51:50  [mysql] 	Status change detected: running
20:04:09  [Apache] 	Status change detected: stopped
20:04:09  [mysql] 	Status change detected: stopped
20:08:38  [main] 	Deinitializing Modules
20:08:38  [main] 	Deinitializing Control Panel

18:22:30  [main] 	Initializing Control Panel
18:22:30  [main] 	Windows Version:  Home  64-bit
18:22:30  [main] 	XAMPP Version: 8.0.12
18:22:30  [main] 	Control Panel Version: 3.3.0  [ Compiled: Apr 6th 2021 ]
18:22:30  [main] 	You are not running with administrator rights! This will work for
18:22:30  [main] 	most application stuff but whenever you do something with services
18:22:30  [main] 	there will be a security dialogue or things will break! So think 
18:22:30  [main] 	about running this application with administrator rights!
18:22:30  [main] 	XAMPP Installation Directory: "c:\users\201017\desktop\xampp_220219\xampp\"
18:22:30  [main] 	Checking for prerequisites
18:22:31  [main] 	All prerequisites found
18:22:31  [main] 	Initializing Modules
18:22:31  [main] 	Enabling autostart for module "Apache"
18:22:31  [main] 	Enabling autostart for module "MySQL"
18:22:31  [main] 	Starting Check-Timer
18:22:31  [main] 	Control Panel Ready
18:22:31  [Apache] 	Autostart active: starting...
18:22:31  [Apache] 	Attempting to start Apache app...
18:22:31  [mysql] 	Autostart active: starting...
18:22:31  [mysql] 	Attempting to start MySQL app...
18:22:32  [Apache] 	Status change detected: running
18:22:32  [mysql] 	Status change detected: running
18:24:13  [Apache] 	Attempting to stop Apache (PID: 10300)
18:24:13  [Apache] 	Attempting to stop Apache (PID: 4548)
18:24:13  [Apache] 	Status change detected: stopped
18:24:13  [mysql] 	Attempting to stop MySQL app...
18:24:13  [mysql] 	Status change detected: stopped
19:51:50  [Apache] 	Status change detected: running
19:51:50  [mysql] 	Status change detected: running
20:04:09  [Apache] 	Status change detected: stopped
20:04:09  [mysql] 	Status change detected: stopped
20:08:38  [main] 	Deinitializing Modules
20:08:38  [main] 	Deinitializing Control Panel

12:14:02  [main] 	Initializing Control Panel
12:14:02  [main] 	Windows Version:  Home  64-bit
12:14:02  [main] 	XAMPP Version: 8.0.12
12:14:02  [main] 	Control Panel Version: 3.3.0  [ Compiled: Apr 6th 2021 ]
12:14:02  [main] 	You are not running with administrator rights! This will work for
12:14:02  [main] 	most application stuff but whenever you do something with services
12:14:02  [main] 	there will be a security dialogue or things will break! So think 
12:14:02  [main] 	about running this application with administrator rights!
12:14:02  [main] 	XAMPP Installation Directory: "c:\users\201017\desktop\xampp_220219\xampp\"
12:14:02  [main] 	Checking for prerequisites
12:14:02  [main] 	All prerequisites found
12:14:02  [main] 	Initializing Modules
12:14:03  [main] 	Enabling autostart for module "Apache"
12:14:03  [main] 	Enabling autostart for module "MySQL"
12:14:03  [main] 	Starting Check-Timer
12:14:03  [main] 	Control Panel Ready
12:14:03  [Apache] 	Autostart active: starting...
12:14:03  [Apache] 	Attempting to start Apache app...
12:14:03  [mysql] 	Autostart active: starting...
12:14:03  [mysql] 	Attempting to start MySQL app...
12:14:04  [Apache] 	Status change detected: running
12:14:04  [mysql] 	Status change detected: running
12:15:35  [Apache] 	Attempting to stop Apache (PID: 16908)
12:15:35  [Apache] 	Attempting to stop Apache (PID: 11788)
12:15:35  [Apache] 	Status change detected: stopped
12:15:35  [mysql] 	Attempting to stop MySQL app...
12:15:35  [mysql] 	Status change detected: stopped
12:19:38  [Apache] 	Status change detected: running
12:19:38  [mysql] 	Status change detected: running
12:22:27  [Apache] 	Status change detected: stopped
12:22:28  [mysql] 	Status change detected: stopped
12:26:54  [Apache] 	Status change detected: running
12:26:54  [mysql] 	Status change detected: running
12:37:22  [Apache] 	Status change detected: stopped
12:37:22  [mysql] 	Status change detected: stopped
12:37:35  [Apache] 	Status change detected: running
12:37:35  [mysql] 	Status change detected: running
12:41:54  [Apache] 	Status change detected: stopped
12:41:54  [mysql] 	Status change detected: stopped
12:42:09  [Apache] 	Status change detected: running
12:42:09  [mysql] 	Status change detected: running
12:42:30  [Apache] 	Status change detected: stopped
12:42:31  [mysql] 	Status change detected: stopped
12:43:50  [Apache] 	Status change detected: running
12:43:50  [mysql] 	Status change detected: running
13:39:02  [Apache] 	Status change detected: stopped
13:39:02  [mysql] 	Status change detected: stopped
13:39:14  [Apache] 	Status change detected: running
13:39:14  [mysql] 	Status change detected: running
13:58:33  [Apache] 	Status change detected: stopped
13:58:33  [mysql] 	Status change detected: stopped
14:03:02  [Apache] 	Status change detected: running
14:03:02  [mysql] 	Status change detected: running
14:22:00  [Apache] 	Status change detected: stopped
14:22:00  [mysql] 	Status change detected: stopped
14:23:04  [Apache] 	Status change detected: running
14:23:04  [mysql] 	Status change detected: running
15:00:30  [Apache] 	Status change detected: stopped
15:00:30  [mysql] 	Status change detected: stopped
15:00:54  [Apache] 	Status change detected: running
15:00:54  [mysql] 	Status change detected: running
18:20:27  [Apache] 	Status change detected: stopped
18:20:28  [mysql] 	Status change detected: stopped
18:22:31  [Apache] 	Status change detected: running
18:22:31  [mysql] 	Status change detected: running
18:24:13  [Apache] 	Status change detected: stopped
18:24:13  [mysql] 	Status change detected: stopped
19:51:50  [Apache] 	Status change detected: running
19:51:50  [mysql] 	Status change detected: running
20:04:09  [Apache] 	Status change detected: stopped
20:04:09  [mysql] 	Status change detected: stopped
20:09:14  [Apache] 	Status change detected: running
20:09:14  [mysql] 	Status change detected: running
20:09:21  [Apache] 	Status change detected: stopped
20:09:22  [mysql] 	Status change detected: stopped
20:09:34  [main] 	Deinitializing Modules
20:09:34  [main] 	Deinitializing Control Panel

12:19:38  [main] 	Initializing Control Panel
12:19:38  [main] 	Windows Version:  Home  64-bit
12:19:38  [main] 	XAMPP Version: 8.0.12
12:19:38  [main] 	Control Panel Version: 3.3.0  [ Compiled: Apr 6th 2021 ]
12:19:38  [main] 	You are not running with administrator rights! This will work for
12:19:38  [main] 	most application stuff but whenever you do something with services
12:19:38  [main] 	there will be a security dialogue or things will break! So think 
12:19:38  [main] 	about running this application with administrator rights!
12:19:38  [main] 	XAMPP Installation Directory: "c:\users\201017\desktop\xampp_220219\xampp\"
12:19:38  [main] 	Checking for prerequisites
12:19:38  [main] 	All prerequisites found
12:19:38  [main] 	Initializing Modules
12:19:38  [main] 	Enabling autostart for module "Apache"
12:19:38  [main] 	Enabling autostart for module "MySQL"
12:19:38  [main] 	Starting Check-Timer
12:19:38  [main] 	Control Panel Ready
12:19:38  [Apache] 	Autostart active: starting...
12:19:38  [Apache] 	Attempting to start Apache app...
12:19:38  [mysql] 	Autostart active: starting...
12:19:38  [mysql] 	Attempting to start MySQL app...
12:19:39  [Apache] 	Status change detected: running
12:19:39  [mysql] 	Status change detected: running
12:22:27  [Apache] 	Attempting to stop Apache (PID: 19068)
12:22:27  [Apache] 	Attempting to stop Apache (PID: 9320)
12:22:27  [Apache] 	Status change detected: stopped
12:22:27  [mysql] 	Attempting to stop MySQL app...
12:22:27  [mysql] 	Status change detected: stopped
12:26:54  [Apache] 	Status change detected: running
12:26:54  [mysql] 	Status change detected: running
12:37:22  [Apache] 	Status change detected: stopped
12:37:23  [mysql] 	Status change detected: stopped
12:37:35  [Apache] 	Status change detected: running
12:37:35  [mysql] 	Status change detected: running
12:41:53  [Apache] 	Status change detected: stopped
12:41:54  [mysql] 	Status change detected: stopped
12:42:09  [Apache] 	Status change detected: running
12:42:09  [mysql] 	Status change detected: running
12:42:30  [Apache] 	Status change detected: stopped
12:42:30  [mysql] 	Status change detected: stopped
12:43:50  [Apache] 	Status change detected: running
12:43:50  [mysql] 	Status change detected: running
13:39:02  [Apache] 	Status change detected: stopped
13:39:02  [mysql] 	Status change detected: stopped
13:39:14  [Apache] 	Status change detected: running
13:39:14  [mysql] 	Status change detected: running
13:58:33  [Apache] 	Status change detected: stopped
13:58:33  [mysql] 	Status change detected: stopped
14:03:02  [Apache] 	Status change detected: running
14:03:02  [mysql] 	Status change detected: running
14:22:00  [Apache] 	Status change detected: stopped
14:22:00  [mysql] 	Status change detected: stopped
14:23:04  [Apache] 	Status change detected: running
14:23:04  [mysql] 	Status change detected: running
15:00:30  [Apache] 	Status change detected: stopped
15:00:30  [mysql] 	Status change detected: stopped
15:00:54  [Apache] 	Status change detected: running
15:00:54  [mysql] 	Status change detected: running
18:20:27  [Apache] 	Status change detected: stopped
18:20:28  [mysql] 	Status change detected: stopped
18:22:31  [Apache] 	Status change detected: running
18:22:31  [mysql] 	Status change detected: running
18:24:13  [Apache] 	Status change detected: stopped
18:24:13  [mysql] 	Status change detected: stopped
19:51:50  [Apache] 	Status change detected: running
19:51:50  [mysql] 	Status change detected: running
20:04:09  [Apache] 	Status change detected: stopped
20:04:09  [mysql] 	Status change detected: stopped
20:09:14  [Apache] 	Status change detected: running
20:09:14  [mysql] 	Status change detected: running
20:09:21  [Apache] 	Status change detected: stopped
20:09:22  [mysql] 	Status change detected: stopped
20:09:34  [main] 	Deinitializing Modules
20:09:34  [main] 	Deinitializing Control Panel

15:09:24  [main] 	Initializing Control Panel
15:09:24  [main] 	Windows Version:  Home  64-bit
15:09:24  [main] 	XAMPP Version: 8.0.12
15:09:24  [main] 	Control Panel Version: 3.3.0  [ Compiled: Apr 6th 2021 ]
15:09:24  [main] 	You are not running with administrator rights! This will work for
15:09:24  [main] 	most application stuff but whenever you do something with services
15:09:24  [main] 	there will be a security dialogue or things will break! So think 
15:09:24  [main] 	about running this application with administrator rights!
15:09:24  [main] 	XAMPP Installation Directory: "c:\users\201017\desktop\xampp_220219\xampp\"
15:09:24  [main] 	Checking for prerequisites
15:09:24  [main] 	All prerequisites found
15:09:24  [main] 	Initializing Modules
15:09:24  [main] 	Enabling autostart for module "Apache"
15:09:24  [main] 	Enabling autostart for module "MySQL"
15:09:24  [main] 	Starting Check-Timer
15:09:24  [main] 	Control Panel Ready
15:09:24  [Apache] 	Autostart active: starting...
15:09:24  [Apache] 	Attempting to start Apache app...
15:09:24  [mysql] 	Autostart active: starting...
15:09:24  [mysql] 	Attempting to start MySQL app...
15:09:25  [Apache] 	Status change detected: running
15:09:25  [mysql] 	Status change detected: running
15:10:22  [Apache] 	Attempting to stop Apache (PID: 10676)
15:10:22  [Apache] 	Attempting to stop Apache (PID: 10464)
15:10:22  [Apache] 	Status change detected: stopped
15:10:22  [mysql] 	Attempting to stop MySQL app...
15:10:23  [mysql] 	Status change detected: stopped
15:52:17  [main] 	Deinitializing Modules
15:52:17  [main] 	Deinitializing Control Panel

14:42:19  [main] 	Initializing Control Panel
14:42:19  [main] 	Windows Version:  Home  64-bit
14:42:19  [main] 	XAMPP Version: 8.0.12
14:42:19  [main] 	Control Panel Version: 3.3.0  [ Compiled: Apr 6th 2021 ]
14:42:19  [main] 	You are not running with administrator rights! This will work for
14:42:19  [main] 	most application stuff but whenever you do something with services
14:42:19  [main] 	there will be a security dialogue or things will break! So think 
14:42:19  [main] 	about running this application with administrator rights!
14:42:19  [main] 	XAMPP Installation Directory: "c:\users\201017\desktop\xampp_220219\xampp\"
14:42:19  [main] 	Checking for prerequisites
14:42:19  [main] 	All prerequisites found
14:42:19  [main] 	Initializing Modules
14:42:19  [main] 	Enabling autostart for module "Apache"
14:42:19  [main] 	Enabling autostart for module "MySQL"
14:42:19  [main] 	Starting Check-Timer
14:42:19  [main] 	Control Panel Ready
14:42:20  [Apache] 	Autostart active: starting...
14:42:20  [Apache] 	Attempting to start Apache app...
14:42:20  [mysql] 	Autostart active: starting...
14:42:20  [mysql] 	Attempting to start MySQL app...
14:42:20  [Apache] 	Status change detected: running
14:42:20  [mysql] 	Status change detected: running
14:53:43  [Apache] 	Attempting to stop Apache (PID: 4412)
14:53:43  [Apache] 	Attempting to stop Apache (PID: 9408)
14:53:43  [Apache] 	Status change detected: stopped
14:53:44  [mysql] 	Attempting to stop MySQL app...
14:53:44  [mysql] 	Status change detected: stopped
15:09:24  [Apache] 	Status change detected: running
15:09:24  [mysql] 	Status change detected: running
15:10:22  [Apache] 	Status change detected: stopped
15:10:22  [mysql] 	Status change detected: stopped
15:52:17  [main] 	Deinitializing Modules
15:52:17  [main] 	Deinitializing Control Panel

7:36:55  [main] 	Initializing Control Panel
7:36:55  [main] 	Windows Version:  Home  64-bit
7:36:55  [main] 	XAMPP Version: 8.0.12
7:36:55  [main] 	Control Panel Version: 3.3.0  [ Compiled: Apr 6th 2021 ]
7:36:55  [main] 	You are not running with administrator rights! This will work for
7:36:55  [main] 	most application stuff but whenever you do something with services
7:36:55  [main] 	there will be a security dialogue or things will break! So think 
7:36:55  [main] 	about running this application with administrator rights!
7:36:55  [main] 	XAMPP Installation Directory: "c:\users\201017\desktop\xampp_220219\xampp\"
7:36:55  [main] 	Checking for prerequisites
7:36:56  [main] 	All prerequisites found
7:36:56  [main] 	Initializing Modules
7:36:56  [main] 	Enabling autostart for module "Apache"
7:36:56  [main] 	Enabling autostart for module "MySQL"
7:36:56  [main] 	Starting Check-Timer
7:36:56  [main] 	Control Panel Ready
7:36:56  [Apache] 	Autostart active: starting...
7:36:56  [Apache] 	Attempting to start Apache app...
7:36:56  [mysql] 	Autostart active: starting...
7:36:56  [mysql] 	Attempting to start MySQL app...
7:36:57  [Apache] 	Status change detected: running
7:36:57  [mysql] 	Status change detected: running
7:49:06  [Apache] 	Attempting to stop Apache (PID: 18872)
7:49:06  [Apache] 	Attempting to stop Apache (PID: 8628)
7:49:06  [mysql] 	Attempting to stop MySQL app...
7:49:06  [Apache] 	Status change detected: stopped
7:49:06  [mysql] 	Status change detected: stopped
14:42:20  [Apache] 	Status change detected: running
14:42:20  [mysql] 	Status change detected: running
14:53:43  [Apache] 	Status change detected: stopped
14:53:44  [mysql] 	Status change detected: stopped
15:09:24  [Apache] 	Status change detected: running
15:09:24  [mysql] 	Status change detected: running
15:10:22  [Apache] 	Status change detected: stopped
15:10:22  [mysql] 	Status change detected: stopped
15:52:17  [main] 	Deinitializing Modules
15:52:17  [main] 	Deinitializing Control Panel

